app/build/intermediates/manifest_merge_blame_file/release/manifest-merger-blame-release-report.txt
1<?xml version="1.0" encoding="utf-8"?>
2<manifest xmlns:android="http://schemas.android.com/apk/res/android"
3    package="org.connectifyhk.connectify_fyp"
4    android:versionCode="1"
5    android:versionName="1.0" >
6
7    <uses-sdk
8        android:minSdkVersion="23"
8-->src/main/AndroidManifest.xml
9        android:targetSdkVersion="29" />
9-->src/main/AndroidManifest.xml
10
11    <uses-permission android:name="android.permission.INTERNET" />
11-->src/main/AndroidManifest.xml:5:5-67
11-->src/main/AndroidManifest.xml:5:22-64
12    <uses-permission android:name="android.permission.CAMERA" />
12-->src/main/AndroidManifest.xml:6:5-65
12-->src/main/AndroidManifest.xml:6:22-62
13    <uses-permission android:name="android.permission.WRITE_EXTERNAL_STORAGE" />
13-->src/main/AndroidManifest.xml:7:5-81
13-->src/main/AndroidManifest.xml:7:22-78
14    <uses-permission android:name="android.permission.ACCESS_NETWORK_STATE" />
14-->[com.google.firebase:firebase-auth:20.0.2] AndroidManifest.xml:24:5-79
14-->[com.google.firebase:firebase-auth:20.0.2] AndroidManifest.xml:24:22-76
15    <uses-permission android:name="android.permission.WAKE_LOCK" /> <!-- Required by older versions of Google Play services to create IID tokens -->
15-->[com.google.firebase:firebase-iid:21.0.1] AndroidManifest.xml:24:5-68
15-->[com.google.firebase:firebase-iid:21.0.1] AndroidManifest.xml:24:22-65
16    <uses-permission android:name="com.google.android.c2dm.permission.RECEIVE" />
16-->[com.google.firebase:firebase-iid:21.0.1] AndroidManifest.xml:26:5-82
16-->[com.google.firebase:firebase-iid:21.0.1] AndroidManifest.xml:26:22-79
17    <uses-permission android:name="com.google.android.finsky.permission.BIND_GET_INSTALL_REFERRER_SERVICE" />
17-->[com.google.android.gms:play-services-measurement:18.0.2] AndroidManifest.xml:26:5-110
17-->[com.google.android.gms:play-services-measurement:18.0.2] AndroidManifest.xml:26:22-107
18
19    <application
19-->src/main/AndroidManifest.xml:9:5-55:19
20        android:allowBackup="true"
20-->src/main/AndroidManifest.xml:10:9-35
21        android:appComponentFactory="androidx.core.app.CoreComponentFactory"
21-->[androidx.core:core:1.3.1] AndroidManifest.xml:24:18-86
22        android:extractNativeLibs="false"
23        android:icon="@mipmap/ic_launcher"
23-->src/main/AndroidManifest.xml:11:9-43
24        android:label="@string/app_name"
24-->src/main/AndroidManifest.xml:12:9-41
25        android:roundIcon="@mipmap/ic_launcher_round"
25-->src/main/AndroidManifest.xml:13:9-54
26        android:supportsRtl="true"
26-->src/main/AndroidManifest.xml:14:9-35
27        android:theme="@style/Theme.ConnectifyFYP" >
27-->src/main/AndroidManifest.xml:15:9-51
28        <activity
28-->src/main/AndroidManifest.xml:16:9-17:43
29            android:name="org.connectifyhk.connectify_fyp.ShowProfile"
29-->src/main/AndroidManifest.xml:16:19-77
30            android:label="User Profile" />
30-->src/main/AndroidManifest.xml:17:13-41
31        <activity android:name="org.connectifyhk.connectify_fyp.ForgotPassword" />
31-->src/main/AndroidManifest.xml:18:9-83
31-->src/main/AndroidManifest.xml:18:19-80
32        <activity
32-->src/main/AndroidManifest.xml:19:9-21:49
33            android:name="org.connectifyhk.connectify_fyp.ChatActivity"
33-->src/main/AndroidManifest.xml:20:13-72
34            android:theme="@style/AppThemeNo" />
34-->src/main/AndroidManifest.xml:21:13-46
35        <activity
35-->src/main/AndroidManifest.xml:22:9-24:37
36            android:name="org.connectifyhk.connectify_fyp.LoginActivity"
36-->src/main/AndroidManifest.xml:23:13-73
37            android:label="Login" />
37-->src/main/AndroidManifest.xml:24:13-34
38        <activity
38-->src/main/AndroidManifest.xml:25:9-27:36
39            android:name="org.connectifyhk.connectify_fyp.DashboardActivity"
39-->src/main/AndroidManifest.xml:26:13-77
40            android:label="Home" />
40-->src/main/AndroidManifest.xml:27:13-33
41        <activity
41-->src/main/AndroidManifest.xml:28:9-30:39
42            android:name="org.connectifyhk.connectify_fyp.SignUpActivity"
42-->src/main/AndroidManifest.xml:29:13-74
43            android:label="Sign Up" />
43-->src/main/AndroidManifest.xml:30:13-36
44        <activity android:name="org.connectifyhk.connectify_fyp.MainActivity" >
44-->src/main/AndroidManifest.xml:31:9-37:20
44-->src/main/AndroidManifest.xml:31:19-78
45            <intent-filter>
45-->src/main/AndroidManifest.xml:32:13-36:29
46                <action android:name="android.intent.action.MAIN" />
46-->src/main/AndroidManifest.xml:33:17-69
46-->src/main/AndroidManifest.xml:33:25-66
47
48                <category android:name="android.intent.category.LAUNCHER" />
48-->src/main/AndroidManifest.xml:35:17-77
48-->src/main/AndroidManifest.xml:35:27-74
49            </intent-filter>
50        </activity>
51
52        <service
52-->src/main/AndroidManifest.xml:39:9-46:19
53            android:name="org.connectifyhk.connectify_fyp.notifications.FirebaseService"
53-->src/main/AndroidManifest.xml:40:13-89
54            android:enabled="true"
54-->src/main/AndroidManifest.xml:41:13-35
55            android:exported="true" >
55-->src/main/AndroidManifest.xml:42:13-36
56            <intent-filter>
56-->src/main/AndroidManifest.xml:43:13-45:29
57                <action android:name="com.google.firebase.INSTANCE_ID_SERVICE" />
57-->src/main/AndroidManifest.xml:44:17-82
57-->src/main/AndroidManifest.xml:44:25-79
58            </intent-filter>
59        </service>
60        <service
60-->src/main/AndroidManifest.xml:47:9-54:19
61            android:name="org.connectifyhk.connectify_fyp.notifications.FirebaseMessaging"
61-->src/main/AndroidManifest.xml:48:13-91
62            android:enabled="true"
62-->src/main/AndroidManifest.xml:49:13-35
63            android:exported="true" >
63-->src/main/AndroidManifest.xml:50:13-36
64            <intent-filter>
64-->src/main/AndroidManifest.xml:51:13-53:29
65                <action android:name="com.google.firebase.MESSAGING_EVENT" />
65-->src/main/AndroidManifest.xml:52:17-78
65-->src/main/AndroidManifest.xml:52:25-75
66            </intent-filter>
67        </service>
68
69        <activity
69-->[com.google.firebase:firebase-auth:20.0.2] AndroidManifest.xml:27:9-44:20
70            android:name="com.google.firebase.auth.internal.GenericIdpActivity"
70-->[com.google.firebase:firebase-auth:20.0.2] AndroidManifest.xml:28:13-80
71            android:excludeFromRecents="true"
71-->[com.google.firebase:firebase-auth:20.0.2] AndroidManifest.xml:29:13-46
72            android:exported="true"
72-->[com.google.firebase:firebase-auth:20.0.2] AndroidManifest.xml:30:13-36
73            android:launchMode="singleTask"
73-->[com.google.firebase:firebase-auth:20.0.2] AndroidManifest.xml:31:13-44
74            android:theme="@android:style/Theme.Translucent.NoTitleBar" >
74-->[com.google.firebase:firebase-auth:20.0.2] AndroidManifest.xml:32:13-72
75            <intent-filter>
75-->[com.google.firebase:firebase-auth:20.0.2] AndroidManifest.xml:33:13-43:29
76                <action android:name="android.intent.action.VIEW" />
76-->[com.google.firebase:firebase-auth:20.0.2] AndroidManifest.xml:34:17-69
76-->[com.google.firebase:firebase-auth:20.0.2] AndroidManifest.xml:34:25-66
77
78                <category android:name="android.intent.category.DEFAULT" />
78-->[com.google.firebase:firebase-auth:20.0.2] AndroidManifest.xml:36:17-76
78-->[com.google.firebase:firebase-auth:20.0.2] AndroidManifest.xml:36:27-73
79                <category android:name="android.intent.category.BROWSABLE" />
79-->[com.google.firebase:firebase-auth:20.0.2] AndroidManifest.xml:37:17-78
79-->[com.google.firebase:firebase-auth:20.0.2] AndroidManifest.xml:37:27-75
80
81                <data
81-->[com.google.firebase:firebase-auth:20.0.2] AndroidManifest.xml:39:17-42:51
82                    android:host="firebase.auth"
82-->[com.google.firebase:firebase-auth:20.0.2] AndroidManifest.xml:40:21-49
83                    android:path="/"
83-->[com.google.firebase:firebase-auth:20.0.2] AndroidManifest.xml:41:21-37
84                    android:scheme="genericidp" />
84-->[com.google.firebase:firebase-auth:20.0.2] AndroidManifest.xml:42:21-48
85            </intent-filter>
86        </activity>
87        <activity
87-->[com.google.firebase:firebase-auth:20.0.2] AndroidManifest.xml:45:9-62:20
88            android:name="com.google.firebase.auth.internal.RecaptchaActivity"
88-->[com.google.firebase:firebase-auth:20.0.2] AndroidManifest.xml:46:13-79
89            android:excludeFromRecents="true"
89-->[com.google.firebase:firebase-auth:20.0.2] AndroidManifest.xml:47:13-46
90            android:exported="true"
90-->[com.google.firebase:firebase-auth:20.0.2] AndroidManifest.xml:48:13-36
91            android:launchMode="singleTask"
91-->[com.google.firebase:firebase-auth:20.0.2] AndroidManifest.xml:49:13-44
92            android:theme="@android:style/Theme.Translucent.NoTitleBar" >
92-->[com.google.firebase:firebase-auth:20.0.2] AndroidManifest.xml:50:13-72
93            <intent-filter>
93-->[com.google.firebase:firebase-auth:20.0.2] AndroidManifest.xml:51:13-61:29
94                <action android:name="android.intent.action.VIEW" />
94-->[com.google.firebase:firebase-auth:20.0.2] AndroidManifest.xml:34:17-69
94-->[com.google.firebase:firebase-auth:20.0.2] AndroidManifest.xml:34:25-66
95
96                <category android:name="android.intent.category.DEFAULT" />
96-->[com.google.firebase:firebase-auth:20.0.2] AndroidManifest.xml:36:17-76
96-->[com.google.firebase:firebase-auth:20.0.2] AndroidManifest.xml:36:27-73
97                <category android:name="android.intent.category.BROWSABLE" />
97-->[com.google.firebase:firebase-auth:20.0.2] AndroidManifest.xml:37:17-78
97-->[com.google.firebase:firebase-auth:20.0.2] AndroidManifest.xml:37:27-75
98
99                <data
99-->[com.google.firebase:firebase-auth:20.0.2] AndroidManifest.xml:39:17-42:51
100                    android:host="firebase.auth"
100-->[com.google.firebase:firebase-auth:20.0.2] AndroidManifest.xml:40:21-49
101                    android:path="/"
101-->[com.google.firebase:firebase-auth:20.0.2] AndroidManifest.xml:41:21-37
102                    android:scheme="recaptcha" />
102-->[com.google.firebase:firebase-auth:20.0.2] AndroidManifest.xml:42:21-48
103            </intent-filter>
104        </activity>
105
106        <service
106-->[com.google.firebase:firebase-auth:20.0.2] AndroidManifest.xml:64:9-73:19
107            android:name="com.google.firebase.auth.api.fallback.service.FirebaseAuthFallbackService"
107-->[com.google.firebase:firebase-auth:20.0.2] AndroidManifest.xml:65:13-101
108            android:enabled="true"
108-->[com.google.firebase:firebase-auth:20.0.2] AndroidManifest.xml:66:13-35
109            android:exported="false" >
109-->[com.google.firebase:firebase-auth:20.0.2] AndroidManifest.xml:67:13-37
110            <intent-filter>
110-->[com.google.firebase:firebase-auth:20.0.2] AndroidManifest.xml:68:13-72:29
111                <action android:name="com.google.firebase.auth.api.gms.service.START" />
111-->[com.google.firebase:firebase-auth:20.0.2] AndroidManifest.xml:69:17-89
111-->[com.google.firebase:firebase-auth:20.0.2] AndroidManifest.xml:69:25-86
112
113                <category android:name="android.intent.category.DEFAULT" />
113-->[com.google.firebase:firebase-auth:20.0.2] AndroidManifest.xml:36:17-76
113-->[com.google.firebase:firebase-auth:20.0.2] AndroidManifest.xml:36:27-73
114            </intent-filter>
115        </service>
116        <service
116-->[com.google.firebase:firebase-auth:20.0.2] AndroidManifest.xml:74:9-80:19
117            android:name="com.google.firebase.components.ComponentDiscoveryService"
117-->[com.google.firebase:firebase-auth:20.0.2] AndroidManifest.xml:75:13-84
118            android:directBootAware="true"
118-->[com.google.firebase:firebase-common:19.5.0] AndroidManifest.xml:35:13-43
119            android:exported="false" >
119-->[com.google.firebase:firebase-auth:20.0.2] AndroidManifest.xml:76:13-37
120            <meta-data
120-->[com.google.firebase:firebase-auth:20.0.2] AndroidManifest.xml:77:13-79:85
121                android:name="com.google.firebase.components:com.google.firebase.auth.FirebaseAuthRegistrar"
121-->[com.google.firebase:firebase-auth:20.0.2] AndroidManifest.xml:78:17-109
122                android:value="com.google.firebase.components.ComponentRegistrar" />
122-->[com.google.firebase:firebase-auth:20.0.2] AndroidManifest.xml:79:17-82
123            <meta-data
123-->[com.google.firebase:firebase-database:19.6.0] AndroidManifest.xml:32:13-34:85
124                android:name="com.google.firebase.components:com.google.firebase.database.DatabaseRegistrar"
124-->[com.google.firebase:firebase-database:19.6.0] AndroidManifest.xml:33:17-109
125                android:value="com.google.firebase.components.ComponentRegistrar" />
125-->[com.google.firebase:firebase-database:19.6.0] AndroidManifest.xml:34:17-82
126            <meta-data
126-->[com.google.firebase:firebase-storage:19.2.1] AndroidManifest.xml:33:13-35:85
127                android:name="com.google.firebase.components:com.google.firebase.storage.StorageRegistrar"
127-->[com.google.firebase:firebase-storage:19.2.1] AndroidManifest.xml:34:17-107
128                android:value="com.google.firebase.components.ComponentRegistrar" />
128-->[com.google.firebase:firebase-storage:19.2.1] AndroidManifest.xml:35:17-82
129            <meta-data
129-->[com.google.firebase:firebase-messaging:21.0.1] AndroidManifest.xml:39:13-41:85
130                android:name="com.google.firebase.components:com.google.firebase.messaging.FirebaseMessagingRegistrar"
130-->[com.google.firebase:firebase-messaging:21.0.1] AndroidManifest.xml:40:17-119
131                android:value="com.google.firebase.components.ComponentRegistrar" />
131-->[com.google.firebase:firebase-messaging:21.0.1] AndroidManifest.xml:41:17-82
132            <meta-data
132-->[com.google.firebase:firebase-firestore:22.1.0] AndroidManifest.xml:20:13-22:85
133                android:name="com.google.firebase.components:com.google.firebase.firestore.FirestoreRegistrar"
133-->[com.google.firebase:firebase-firestore:22.1.0] AndroidManifest.xml:21:17-111
134                android:value="com.google.firebase.components.ComponentRegistrar" />
134-->[com.google.firebase:firebase-firestore:22.1.0] AndroidManifest.xml:22:17-82
135            <meta-data
135-->[com.google.firebase:firebase-iid:21.0.1] AndroidManifest.xml:32:13-34:85
136                android:name="com.google.firebase.components:com.google.firebase.iid.Registrar"
136-->[com.google.firebase:firebase-iid:21.0.1] AndroidManifest.xml:33:17-96
137                android:value="com.google.firebase.components.ComponentRegistrar" />
137-->[com.google.firebase:firebase-iid:21.0.1] AndroidManifest.xml:34:17-82
138            <meta-data
138-->[com.google.firebase:firebase-datatransport:17.0.10] AndroidManifest.xml:28:13-30:85
139                android:name="com.google.firebase.components:com.google.firebase.datatransport.TransportRegistrar"
139-->[com.google.firebase:firebase-datatransport:17.0.10] AndroidManifest.xml:29:17-115
140                android:value="com.google.firebase.components.ComponentRegistrar" />
140-->[com.google.firebase:firebase-datatransport:17.0.10] AndroidManifest.xml:30:17-82
141            <meta-data
141-->[com.google.android.gms:play-services-measurement-api:18.0.2] AndroidManifest.xml:30:13-32:85
142                android:name="com.google.firebase.components:com.google.firebase.analytics.connector.internal.AnalyticsConnectorRegistrar"
142-->[com.google.android.gms:play-services-measurement-api:18.0.2] AndroidManifest.xml:31:17-139
143                android:value="com.google.firebase.components.ComponentRegistrar" />
143-->[com.google.android.gms:play-services-measurement-api:18.0.2] AndroidManifest.xml:32:17-82
144            <meta-data
144-->[com.google.firebase:firebase-installations:16.3.5] AndroidManifest.xml:18:13-20:85
145                android:name="com.google.firebase.components:com.google.firebase.installations.FirebaseInstallationsRegistrar"
145-->[com.google.firebase:firebase-installations:16.3.5] AndroidManifest.xml:19:17-127
146                android:value="com.google.firebase.components.ComponentRegistrar" />
146-->[com.google.firebase:firebase-installations:16.3.5] AndroidManifest.xml:20:17-82
147            <!--
148                This registrar is not defined in the dynamic-module-support sdk itself to allow non-firebase
149                clients to use it as well, by defining this registrar in their own core/common library.
150            -->
151            <meta-data
151-->[com.google.firebase:firebase-common:19.5.0] AndroidManifest.xml:43:13-45:85
152                android:name="com.google.firebase.components:com.google.firebase.dynamicloading.DynamicLoadingRegistrar"
152-->[com.google.firebase:firebase-common:19.5.0] AndroidManifest.xml:44:17-121
153                android:value="com.google.firebase.components.ComponentRegistrar" />
153-->[com.google.firebase:firebase-common:19.5.0] AndroidManifest.xml:45:17-82
154        </service>
155        <!--
156             FirebaseMessagingService performs security checks at runtime,
157             but set to not exported to explicitly avoid allowing another app to call it.
158        -->
159        <service
159-->[com.google.firebase:firebase-messaging:21.0.1] AndroidManifest.xml:28:9-35:19
160            android:name="com.google.firebase.messaging.FirebaseMessagingService"
160-->[com.google.firebase:firebase-messaging:21.0.1] AndroidManifest.xml:29:13-82
161            android:directBootAware="true"
161-->[com.google.firebase:firebase-messaging:21.0.1] AndroidManifest.xml:30:13-43
162            android:exported="false" >
162-->[com.google.firebase:firebase-messaging:21.0.1] AndroidManifest.xml:31:13-37
163            <intent-filter android:priority="-500" >
163-->src/main/AndroidManifest.xml:51:13-53:29
164                <action android:name="com.google.firebase.MESSAGING_EVENT" />
164-->src/main/AndroidManifest.xml:52:17-78
164-->src/main/AndroidManifest.xml:52:25-75
165            </intent-filter>
166        </service>
167
168        <activity
168-->[com.google.android.gms:play-services-auth:19.0.0] AndroidManifest.xml:23:9-27:75
169            android:name="com.google.android.gms.auth.api.signin.internal.SignInHubActivity"
169-->[com.google.android.gms:play-services-auth:19.0.0] AndroidManifest.xml:24:13-93
170            android:excludeFromRecents="true"
170-->[com.google.android.gms:play-services-auth:19.0.0] AndroidManifest.xml:25:13-46
171            android:exported="false"
171-->[com.google.android.gms:play-services-auth:19.0.0] AndroidManifest.xml:26:13-37
172            android:theme="@android:style/Theme.Translucent.NoTitleBar" />
172-->[com.google.android.gms:play-services-auth:19.0.0] AndroidManifest.xml:27:13-72
173        <!--
174            Service handling Google Sign-In user revocation. For apps that do not integrate with
175            Google Sign-In, this service will never be started.
176        -->
177        <service
177-->[com.google.android.gms:play-services-auth:19.0.0] AndroidManifest.xml:33:9-37:51
178            android:name="com.google.android.gms.auth.api.signin.RevocationBoundService"
178-->[com.google.android.gms:play-services-auth:19.0.0] AndroidManifest.xml:34:13-89
179            android:exported="true"
179-->[com.google.android.gms:play-services-auth:19.0.0] AndroidManifest.xml:35:13-36
180            android:permission="com.google.android.gms.auth.api.signin.permission.REVOCATION_NOTIFICATION"
180-->[com.google.android.gms:play-services-auth:19.0.0] AndroidManifest.xml:36:13-107
181            android:visibleToInstantApps="true" />
181-->[com.google.android.gms:play-services-auth:19.0.0] AndroidManifest.xml:37:13-48
182
183        <provider
183-->[com.squareup.picasso:picasso:2.71828] AndroidManifest.xml:8:9-11:40
184            android:name="com.squareup.picasso.PicassoProvider"
184-->[com.squareup.picasso:picasso:2.71828] AndroidManifest.xml:9:13-64
185            android:authorities="org.connectifyhk.connectify_fyp.com.squareup.picasso"
185-->[com.squareup.picasso:picasso:2.71828] AndroidManifest.xml:10:13-72
186            android:exported="false" />
186-->[com.squareup.picasso:picasso:2.71828] AndroidManifest.xml:11:13-37
187
188        <receiver
188-->[com.google.firebase:firebase-iid:21.0.1] AndroidManifest.xml:37:9-44:20
189            android:name="com.google.firebase.iid.FirebaseInstanceIdReceiver"
189-->[com.google.firebase:firebase-iid:21.0.1] AndroidManifest.xml:38:13-78
190            android:exported="true"
190-->[com.google.firebase:firebase-iid:21.0.1] AndroidManifest.xml:39:13-36
191            android:permission="com.google.android.c2dm.permission.SEND" >
191-->[com.google.firebase:firebase-iid:21.0.1] AndroidManifest.xml:40:13-73
192            <intent-filter>
192-->[com.google.firebase:firebase-iid:21.0.1] AndroidManifest.xml:41:13-43:29
193                <action android:name="com.google.android.c2dm.intent.RECEIVE" />
193-->[com.google.firebase:firebase-iid:21.0.1] AndroidManifest.xml:42:17-81
193-->[com.google.firebase:firebase-iid:21.0.1] AndroidManifest.xml:42:25-78
194            </intent-filter>
195        </receiver>
196
197        <activity
197-->[com.google.android.gms:play-services-base:17.1.0] AndroidManifest.xml:23:9-26:75
198            android:name="com.google.android.gms.common.api.GoogleApiActivity"
198-->[com.google.android.gms:play-services-base:17.1.0] AndroidManifest.xml:24:13-79
199            android:exported="false"
199-->[com.google.android.gms:play-services-base:17.1.0] AndroidManifest.xml:25:13-37
200            android:theme="@android:style/Theme.Translucent.NoTitleBar" />
200-->[com.google.android.gms:play-services-base:17.1.0] AndroidManifest.xml:26:13-72
201
202        <provider
202-->[com.google.firebase:firebase-common:19.5.0] AndroidManifest.xml:26:9-31:39
203            android:name="com.google.firebase.provider.FirebaseInitProvider"
203-->[com.google.firebase:firebase-common:19.5.0] AndroidManifest.xml:27:13-77
204            android:authorities="org.connectifyhk.connectify_fyp.firebaseinitprovider"
204-->[com.google.firebase:firebase-common:19.5.0] AndroidManifest.xml:28:13-72
205            android:directBootAware="true"
205-->[com.google.firebase:firebase-common:19.5.0] AndroidManifest.xml:29:13-43
206            android:exported="false"
206-->[com.google.firebase:firebase-common:19.5.0] AndroidManifest.xml:30:13-37
207            android:initOrder="100" />
207-->[com.google.firebase:firebase-common:19.5.0] AndroidManifest.xml:31:13-36
208
209        <receiver
209-->[com.google.android.gms:play-services-measurement:18.0.2] AndroidManifest.xml:29:9-33:20
210            android:name="com.google.android.gms.measurement.AppMeasurementReceiver"
210-->[com.google.android.gms:play-services-measurement:18.0.2] AndroidManifest.xml:30:13-85
211            android:enabled="true"
211-->[com.google.android.gms:play-services-measurement:18.0.2] AndroidManifest.xml:31:13-35
212            android:exported="false" >
212-->[com.google.android.gms:play-services-measurement:18.0.2] AndroidManifest.xml:32:13-37
213        </receiver>
214
215        <service
215-->[com.google.android.gms:play-services-measurement:18.0.2] AndroidManifest.xml:35:9-38:40
216            android:name="com.google.android.gms.measurement.AppMeasurementService"
216-->[com.google.android.gms:play-services-measurement:18.0.2] AndroidManifest.xml:36:13-84
217            android:enabled="true"
217-->[com.google.android.gms:play-services-measurement:18.0.2] AndroidManifest.xml:37:13-35
218            android:exported="false" />
218-->[com.google.android.gms:play-services-measurement:18.0.2] AndroidManifest.xml:38:13-37
219        <service
219-->[com.google.android.gms:play-services-measurement:18.0.2] AndroidManifest.xml:39:9-43:72
220            android:name="com.google.android.gms.measurement.AppMeasurementJobService"
220-->[com.google.android.gms:play-services-measurement:18.0.2] AndroidManifest.xml:40:13-87
221            android:enabled="true"
221-->[com.google.android.gms:play-services-measurement:18.0.2] AndroidManifest.xml:41:13-35
222            android:exported="false"
222-->[com.google.android.gms:play-services-measurement:18.0.2] AndroidManifest.xml:42:13-37
223            android:permission="android.permission.BIND_JOB_SERVICE" />
223-->[com.google.android.gms:play-services-measurement:18.0.2] AndroidManifest.xml:43:13-69
224
225        <meta-data
225-->[com.google.android.gms:play-services-basement:17.1.1] AndroidManifest.xml:23:9-25:69
226            android:name="com.google.android.gms.version"
226-->[com.google.android.gms:play-services-basement:17.1.1] AndroidManifest.xml:24:13-58
227            android:value="@integer/google_play_services_version" />
227-->[com.google.android.gms:play-services-basement:17.1.1] AndroidManifest.xml:25:13-66
228
229        <service
229-->[com.google.android.datatransport:transport-backend-cct:2.3.3] AndroidManifest.xml:29:9-35:19
230            android:name="com.google.android.datatransport.runtime.backends.TransportBackendDiscovery"
230-->[com.google.android.datatransport:transport-backend-cct:2.3.3] AndroidManifest.xml:30:13-103
231            android:exported="false" >
231-->[com.google.android.datatransport:transport-backend-cct:2.3.3] AndroidManifest.xml:31:13-37
232            <meta-data
232-->[com.google.android.datatransport:transport-backend-cct:2.3.3] AndroidManifest.xml:32:13-34:39
233                android:name="backend:com.google.android.datatransport.cct.CctBackendFactory"
233-->[com.google.android.datatransport:transport-backend-cct:2.3.3] AndroidManifest.xml:33:17-94
234                android:value="cct" />
234-->[com.google.android.datatransport:transport-backend-cct:2.3.3] AndroidManifest.xml:34:17-36
235        </service>
236        <service
236-->[com.google.android.datatransport:transport-runtime:2.2.5] AndroidManifest.xml:26:9-30:19
237            android:name="com.google.android.datatransport.runtime.scheduling.jobscheduling.JobInfoSchedulerService"
237-->[com.google.android.datatransport:transport-runtime:2.2.5] AndroidManifest.xml:27:13-117
238            android:exported="false"
238-->[com.google.android.datatransport:transport-runtime:2.2.5] AndroidManifest.xml:28:13-37
239            android:permission="android.permission.BIND_JOB_SERVICE" >
239-->[com.google.android.datatransport:transport-runtime:2.2.5] AndroidManifest.xml:29:13-69
240        </service>
241
242        <receiver
242-->[com.google.android.datatransport:transport-runtime:2.2.5] AndroidManifest.xml:32:9-34:40
243            android:name="com.google.android.datatransport.runtime.scheduling.jobscheduling.AlarmManagerSchedulerBroadcastReceiver"
243-->[com.google.android.datatransport:transport-runtime:2.2.5] AndroidManifest.xml:33:13-132
244            android:exported="false" />
244-->[com.google.android.datatransport:transport-runtime:2.2.5] AndroidManifest.xml:34:13-37
245    </application>
246
247</manifest>